\BOOKMARK [1][-]{section*.1}{\376\377\000A\000b\000s\000t\000r\000a\000c\000t}{}% 1
\BOOKMARK [1][-]{section.1}{\376\377\000I\000n\000t\000r\000o\000d\000u\000c\000t\000i\000o\000n}{}% 2
\BOOKMARK [2][-]{subsection.1.1}{\376\377\000B\000a\000c\000k\000g\000r\000o\000u\000n\000d}{section.1}% 3
\BOOKMARK [2][-]{subsection.1.2}{\376\377\000P\000r\000o\000b\000l\000e\000m\000\040\000S\000t\000a\000t\000e\000m\000e\000n\000t}{section.1}% 4
\BOOKMARK [2][-]{subsection.1.3}{\376\377\000P\000u\000r\000p\000o\000s\000e\000\040\000o\000f\000\040\000t\000h\000e\000\040\000P\000r\000o\000j\000e\000c\000t}{section.1}% 5
\BOOKMARK [1][-]{section.2}{\376\377\000O\000b\000j\000e\000c\000t\000i\000v\000e\000s}{}% 6
\BOOKMARK [1][-]{section.3}{\376\377\000S\000y\000s\000t\000e\000m\000\040\000R\000e\000q\000u\000i\000r\000e\000m\000e\000n\000t\000s}{}% 7
\BOOKMARK [2][-]{subsection.3.1}{\376\377\000H\000a\000r\000d\000w\000a\000r\000e\000\040\000R\000e\000q\000u\000i\000r\000e\000m\000e\000n\000t\000s}{section.3}% 8
\BOOKMARK [3][-]{subsubsection.3.1.1}{\376\377\000D\000e\000v\000e\000l\000o\000p\000m\000e\000n\000t\000\040\000E\000n\000v\000i\000r\000o\000n\000m\000e\000n\000t}{subsection.3.1}% 9
\BOOKMARK [3][-]{subsubsection.3.1.2}{\376\377\000P\000r\000o\000d\000u\000c\000t\000i\000o\000n\000/\000C\000l\000o\000u\000d\000\040\000D\000e\000p\000l\000o\000y\000m\000e\000n\000t}{subsection.3.1}% 10
\BOOKMARK [2][-]{subsection.3.2}{\376\377\000S\000o\000f\000t\000w\000a\000r\000e\000\040\000R\000e\000q\000u\000i\000r\000e\000m\000e\000n\000t\000s}{section.3}% 11
\BOOKMARK [3][-]{subsubsection.3.2.1}{\376\377\000C\000o\000r\000e\000\040\000T\000e\000c\000h\000n\000o\000l\000o\000g\000i\000e\000s}{subsection.3.2}% 12
\BOOKMARK [3][-]{subsubsection.3.2.2}{\376\377\000F\000r\000o\000n\000t\000e\000n\000d\000\040\000S\000t\000a\000c\000k}{subsection.3.2}% 13
\BOOKMARK [3][-]{subsubsection.3.2.3}{\376\377\000B\000a\000c\000k\000e\000n\000d\000\040\000S\000t\000a\000c\000k}{subsection.3.2}% 14
\BOOKMARK [3][-]{subsubsection.3.2.4}{\376\377\000M\000a\000c\000h\000i\000n\000e\000\040\000L\000e\000a\000r\000n\000i\000n\000g\000\040\000L\000i\000b\000r\000a\000r\000i\000e\000s}{subsection.3.2}% 15
\BOOKMARK [3][-]{subsubsection.3.2.5}{\376\377\000C\000l\000o\000u\000d\000\040\000a\000n\000d\000\040\000D\000e\000v\000O\000p\000s}{subsection.3.2}% 16
\BOOKMARK [3][-]{subsubsection.3.2.6}{\376\377\000D\000e\000v\000e\000l\000o\000p\000m\000e\000n\000t\000\040\000T\000o\000o\000l\000s}{subsection.3.2}% 17
\BOOKMARK [3][-]{subsubsection.3.2.7}{\376\377\000E\000x\000t\000e\000r\000n\000a\000l\000\040\000S\000e\000r\000v\000i\000c\000e\000s}{subsection.3.2}% 18
\BOOKMARK [1][-]{section.4}{\376\377\000E\000x\000i\000s\000t\000i\000n\000g\000\040\000S\000y\000s\000t\000e\000m}{}% 19
\BOOKMARK [2][-]{subsection.4.1}{\376\377\000A\000n\000a\000l\000y\000s\000i\000s\000\040\000o\000f\000\040\000C\000u\000r\000r\000e\000n\000t\000\040\000J\000o\000b\000\040\000S\000e\000a\000r\000c\000h\000\040\000T\000o\000o\000l\000s}{section.4}% 20
\BOOKMARK [3][-]{subsubsection.4.1.1}{\376\377\000L\000i\000n\000k\000e\000d\000I\000n\000\040\000J\000o\000b\000\040\000T\000r\000a\000c\000k\000e\000r}{subsection.4.1}% 21
\BOOKMARK [3][-]{subsubsection.4.1.2}{\376\377\000H\000u\000n\000t\000r}{subsection.4.1}% 22
\BOOKMARK [3][-]{subsubsection.4.1.3}{\376\377\000T\000e\000a\000l}{subsection.4.1}% 23
\BOOKMARK [2][-]{subsection.4.2}{\376\377\000G\000e\000n\000e\000r\000a\000l\000\040\000L\000i\000m\000i\000t\000a\000t\000i\000o\000n\000s\000\040\000o\000f\000\040\000E\000x\000i\000s\000t\000i\000n\000g\000\040\000S\000y\000s\000t\000e\000m\000s}{section.4}% 24
\BOOKMARK [2][-]{subsection.4.3}{\376\377\000J\000u\000s\000t\000i\000f\000i\000c\000a\000t\000i\000o\000n\000\040\000f\000o\000r\000\040\000N\000e\000w\000\040\000S\000y\000s\000t\000e\000m}{section.4}% 25
\BOOKMARK [1][-]{section.5}{\376\377\000P\000r\000o\000p\000o\000s\000e\000d\000\040\000S\000y\000s\000t\000e\000m}{}% 26
\BOOKMARK [2][-]{subsection.5.1}{\376\377\000D\000e\000s\000c\000r\000i\000p\000t\000i\000o\000n\000\040\000o\000f\000\040\000S\000o\000l\000u\000t\000i\000o\000n}{section.5}% 27
\BOOKMARK [3][-]{subsubsection.5.1.1}{\376\377\000C\000o\000r\000e\000\040\000C\000a\000p\000a\000b\000i\000l\000i\000t\000i\000e\000s}{subsection.5.1}% 28
\BOOKMARK [2][-]{subsection.5.2}{\376\377\000A\000r\000c\000h\000i\000t\000e\000c\000t\000u\000r\000e\000\040\000D\000i\000a\000g\000r\000a\000m}{section.5}% 29
\BOOKMARK [2][-]{subsection.5.3}{\376\377\000D\000a\000t\000a\000\040\000F\000l\000o\000w\000\040\000D\000i\000a\000g\000r\000a\000m}{section.5}% 30
\BOOKMARK [3][-]{subsubsection.5.3.1}{\376\377\000L\000e\000v\000e\000l\000\040\0000\000\040\000D\000F\000D\000\040\000\050\000C\000o\000n\000t\000e\000x\000t\000\040\000D\000i\000a\000g\000r\000a\000m\000\051}{subsection.5.3}% 31
\BOOKMARK [3][-]{subsubsection.5.3.2}{\376\377\000L\000e\000v\000e\000l\000\040\0001\000\040\000D\000F\000D\000\040\000\050\000M\000a\000j\000o\000r\000\040\000P\000r\000o\000c\000e\000s\000s\000e\000s\000\051}{subsection.5.3}% 32
\BOOKMARK [2][-]{subsection.5.4}{\376\377\000E\000R\000\040\000D\000i\000a\000g\000r\000a\000m\000\040\000/\000\040\000D\000a\000t\000a\000b\000a\000s\000e\000\040\000S\000c\000h\000e\000m\000a}{section.5}% 33
\BOOKMARK [3][-]{subsubsection.5.4.1}{\376\377\000K\000e\000y\000\040\000D\000a\000t\000a\000b\000a\000s\000e\000\040\000T\000a\000b\000l\000e\000s}{subsection.5.4}% 34
\BOOKMARK [2][-]{subsection.5.5}{\376\377\000S\000y\000s\000t\000e\000m\000\040\000W\000o\000r\000k\000f\000l\000o\000w}{section.5}% 35
\BOOKMARK [3][-]{subsubsection.5.5.1}{\376\377\000J\000o\000b\000\040\000A\000p\000p\000l\000i\000c\000a\000t\000i\000o\000n\000\040\000W\000o\000r\000k\000f\000l\000o\000w}{subsection.5.5}% 36
\BOOKMARK [3][-]{subsubsection.5.5.2}{\376\377\000A\000I\000\040\000R\000e\000s\000u\000m\000e\000\040\000A\000n\000a\000l\000y\000s\000i\000s\000\040\000W\000o\000r\000k\000f\000l\000o\000w}{subsection.5.5}% 37
\BOOKMARK [3][-]{subsubsection.5.5.3}{\376\377\000S\000k\000i\000l\000l\000\040\000G\000a\000p\000\040\000A\000n\000a\000l\000y\000s\000i\000s\000\040\000a\000n\000d\000\040\000C\000o\000u\000r\000s\000e\000\040\000R\000e\000c\000o\000m\000m\000e\000n\000d\000a\000t\000i\000o\000n\000\040\000W\000o\000r\000k\000f\000l\000o\000w}{subsection.5.5}% 38
\BOOKMARK [1][-]{section.6}{\376\377\000M\000e\000t\000h\000o\000d\000o\000l\000o\000g\000y\000\040\000/\000\040\000I\000m\000p\000l\000e\000m\000e\000n\000t\000a\000t\000i\000o\000n}{}% 39
\BOOKMARK [2][-]{subsection.6.1}{\376\377\000S\000y\000s\000t\000e\000m\000\040\000M\000o\000d\000u\000l\000e\000s}{section.6}% 40
\BOOKMARK [3][-]{subsubsection.6.1.1}{\376\377\0001\000.\000\040\000A\000u\000t\000h\000e\000n\000t\000i\000c\000a\000t\000i\000o\000n\000\040\000M\000o\000d\000u\000l\000e}{subsection.6.1}% 41
\BOOKMARK [3][-]{subsubsection.6.1.2}{\376\377\0002\000.\000\040\000J\000o\000b\000\040\000M\000a\000n\000a\000g\000e\000m\000e\000n\000t\000\040\000M\000o\000d\000u\000l\000e}{subsection.6.1}% 42
\BOOKMARK [3][-]{subsubsection.6.1.3}{\376\377\0003\000.\000\040\000R\000e\000s\000u\000m\000e\000\040\000M\000a\000n\000a\000g\000e\000m\000e\000n\000t\000\040\000M\000o\000d\000u\000l\000e}{subsection.6.1}% 43
\BOOKMARK [3][-]{subsubsection.6.1.4}{\376\377\0004\000.\000\040\000A\000I\000\040\000A\000n\000a\000l\000y\000s\000i\000s\000\040\000M\000o\000d\000u\000l\000e}{subsection.6.1}% 44
\BOOKMARK [3][-]{subsubsection.6.1.5}{\376\377\0005\000.\000\040\000S\000k\000i\000l\000l\000\040\000E\000x\000t\000r\000a\000c\000t\000i\000o\000n\000\040\000M\000o\000d\000u\000l\000e\000\040\000\050\000M\000L\000\040\000S\000e\000r\000v\000i\000c\000e\000\051}{subsection.6.1}% 45
\BOOKMARK [3][-]{subsubsection.6.1.6}{\376\377\0006\000.\000\040\000C\000o\000u\000r\000s\000e\000\040\000R\000e\000c\000o\000m\000m\000e\000n\000d\000a\000t\000i\000o\000n\000\040\000M\000o\000d\000u\000l\000e\000\040\000\050\000M\000L\000\040\000S\000e\000r\000v\000i\000c\000e\000\051}{subsection.6.1}% 46
\BOOKMARK [3][-]{subsubsection.6.1.7}{\376\377\0007\000.\000\040\000A\000n\000a\000l\000y\000t\000i\000c\000s\000\040\000M\000o\000d\000u\000l\000e}{subsection.6.1}% 47
\BOOKMARK [2][-]{subsection.6.2}{\376\377\000A\000l\000g\000o\000r\000i\000t\000h\000m\000s\000\040\000/\000\040\000L\000o\000g\000i\000c}{section.6}% 48
\BOOKMARK [3][-]{subsubsection.6.2.1}{\376\377\000C\000o\000s\000i\000n\000e\000\040\000S\000i\000m\000i\000l\000a\000r\000i\000t\000y\000\040\000A\000l\000g\000o\000r\000i\000t\000h\000m}{subsection.6.2}% 49
\BOOKMARK [3][-]{subsubsection.6.2.2}{\376\377\000F\000u\000z\000z\000y\000\040\000S\000t\000r\000i\000n\000g\000\040\000M\000a\000t\000c\000h\000i\000n\000g\000\040\000A\000l\000g\000o\000r\000i\000t\000h\000m}{subsection.6.2}% 50
\BOOKMARK [3][-]{subsubsection.6.2.3}{\376\377\000S\000k\000i\000l\000l\000\040\000C\000o\000m\000p\000a\000r\000i\000s\000o\000n\000\040\000A\000l\000g\000o\000r\000i\000t\000h\000m}{subsection.6.2}% 51
\BOOKMARK [2][-]{subsection.6.3}{\376\377\000D\000a\000t\000a\000b\000a\000s\000e\000\040\000D\000e\000s\000i\000g\000n}{section.6}% 52
\BOOKMARK [3][-]{subsubsection.6.3.1}{\376\377\000N\000o\000r\000m\000a\000l\000i\000z\000a\000t\000i\000o\000n}{subsection.6.3}% 53
\BOOKMARK [3][-]{subsubsection.6.3.2}{\376\377\000I\000n\000d\000e\000x\000i\000n\000g\000\040\000S\000t\000r\000a\000t\000e\000g\000y}{subsection.6.3}% 54
\BOOKMARK [3][-]{subsubsection.6.3.3}{\376\377\000R\000e\000l\000a\000t\000i\000o\000n\000s\000h\000i\000p\000\040\000C\000a\000r\000d\000i\000n\000a\000l\000i\000t\000y}{subsection.6.3}% 55
\BOOKMARK [2][-]{subsection.6.4}{\376\377\000U\000I\000\040\000D\000e\000s\000i\000g\000n}{section.6}% 56
\BOOKMARK [3][-]{subsubsection.6.4.1}{\376\377\000D\000e\000s\000i\000g\000n\000\040\000P\000r\000i\000n\000c\000i\000p\000l\000e\000s}{subsection.6.4}% 57
\BOOKMARK [3][-]{subsubsection.6.4.2}{\376\377\000K\000e\000y\000\040\000U\000I\000\040\000C\000o\000m\000p\000o\000n\000e\000n\000t\000s}{subsection.6.4}% 58
\BOOKMARK [2][-]{subsection.6.5}{\376\377\000C\000l\000o\000u\000d\000\040\000D\000e\000p\000l\000o\000y\000m\000e\000n\000t\000\040\000P\000r\000o\000c\000e\000s\000s}{section.6}% 59
\BOOKMARK [3][-]{subsubsection.6.5.1}{\376\377\000I\000n\000f\000r\000a\000s\000t\000r\000u\000c\000t\000u\000r\000e\000\040\000S\000e\000t\000u\000p}{subsection.6.5}% 60
\BOOKMARK [3][-]{subsubsection.6.5.2}{\376\377\000D\000o\000c\000k\000e\000r\000\040\000C\000o\000m\000p\000o\000s\000e\000\040\000O\000r\000c\000h\000e\000s\000t\000r\000a\000t\000i\000o\000n}{subsection.6.5}% 61
\BOOKMARK [3][-]{subsubsection.6.5.3}{\376\377\000D\000e\000p\000l\000o\000y\000m\000e\000n\000t\000\040\000W\000o\000r\000k\000f\000l\000o\000w}{subsection.6.5}% 62
\BOOKMARK [2][-]{subsection.6.6}{\376\377\000M\000L\000\040\000P\000r\000o\000c\000e\000s\000s}{section.6}% 63
\BOOKMARK [3][-]{subsubsection.6.6.1}{\376\377\000M\000o\000d\000e\000l\000\040\000S\000e\000l\000e\000c\000t\000i\000o\000n\000\040\000R\000a\000t\000i\000o\000n\000a\000l\000e}{subsection.6.6}% 64
\BOOKMARK [3][-]{subsubsection.6.6.2}{\376\377\000T\000r\000a\000i\000n\000i\000n\000g\000\040\000a\000n\000d\000\040\000P\000r\000e\000-\000p\000r\000o\000c\000e\000s\000s\000i\000n\000g}{subsection.6.6}% 65
\BOOKMARK [1][-]{section.7}{\376\377\000R\000e\000s\000u\000l\000t\000s}{}% 66
\BOOKMARK [2][-]{subsection.7.1}{\376\377\000S\000y\000s\000t\000e\000m\000\040\000I\000m\000p\000l\000e\000m\000e\000n\000t\000a\000t\000i\000o\000n\000\040\000S\000t\000a\000t\000u\000s}{section.7}% 67
\BOOKMARK [2][-]{subsection.7.2}{\376\377\000P\000e\000r\000f\000o\000r\000m\000a\000n\000c\000e\000\040\000M\000e\000t\000r\000i\000c\000s}{section.7}% 68
\BOOKMARK [3][-]{subsubsection.7.2.1}{\376\377\000A\000p\000p\000l\000i\000c\000a\000t\000i\000o\000n\000\040\000P\000e\000r\000f\000o\000r\000m\000a\000n\000c\000e}{subsection.7.2}% 69
\BOOKMARK [3][-]{subsubsection.7.2.2}{\376\377\000M\000L\000\040\000S\000e\000r\000v\000i\000c\000e\000\040\000P\000e\000r\000f\000o\000r\000m\000a\000n\000c\000e}{subsection.7.2}% 70
\BOOKMARK [3][-]{subsubsection.7.2.3}{\376\377\000S\000c\000a\000l\000a\000b\000i\000l\000i\000t\000y\000\040\000M\000e\000t\000r\000i\000c\000s}{subsection.7.2}% 71
\BOOKMARK [2][-]{subsection.7.3}{\376\377\000A\000c\000c\000u\000r\000a\000c\000y\000\040\000M\000e\000t\000r\000i\000c\000s}{section.7}% 72
\BOOKMARK [3][-]{subsubsection.7.3.1}{\376\377\000S\000k\000i\000l\000l\000\040\000E\000x\000t\000r\000a\000c\000t\000i\000o\000n\000\040\000A\000c\000c\000u\000r\000a\000c\000y}{subsection.7.3}% 73
\BOOKMARK [3][-]{subsubsection.7.3.2}{\376\377\000C\000o\000u\000r\000s\000e\000\040\000R\000e\000c\000o\000m\000m\000e\000n\000d\000a\000t\000i\000o\000n\000\040\000R\000e\000l\000e\000v\000a\000n\000c\000e}{subsection.7.3}% 74
\BOOKMARK [3][-]{subsubsection.7.3.3}{\376\377\000A\000I\000\040\000R\000e\000s\000u\000m\000e\000\040\000R\000e\000v\000i\000e\000w\000\040\000Q\000u\000a\000l\000i\000t\000y}{subsection.7.3}% 75
\BOOKMARK [2][-]{subsection.7.4}{\376\377\000O\000u\000t\000p\000u\000t\000\040\000S\000c\000r\000e\000e\000n\000s\000h\000o\000t\000s}{section.7}% 76
\BOOKMARK [3][-]{subsubsection.7.4.1}{\376\377\000D\000a\000s\000h\000b\000o\000a\000r\000d\000\040\000w\000i\000t\000h\000\040\000A\000n\000a\000l\000y\000t\000i\000c\000s}{subsection.7.4}% 77
\BOOKMARK [3][-]{subsubsection.7.4.2}{\376\377\000J\000o\000b\000\040\000L\000i\000s\000t\000\040\000M\000a\000n\000a\000g\000e\000m\000e\000n\000t}{subsection.7.4}% 78
\BOOKMARK [3][-]{subsubsection.7.4.3}{\376\377\000J\000o\000b\000\040\000D\000e\000t\000a\000i\000l\000\040\000a\000n\000d\000\040\000A\000I\000\040\000A\000n\000a\000l\000y\000s\000i\000s}{subsection.7.4}% 79
\BOOKMARK [3][-]{subsubsection.7.4.4}{\376\377\000A\000I\000\040\000J\000o\000b\000\040\000M\000a\000t\000c\000h\000\040\000A\000n\000a\000l\000y\000s\000i\000s}{subsection.7.4}% 80
\BOOKMARK [3][-]{subsubsection.7.4.5}{\376\377\000S\000k\000i\000l\000l\000\040\000G\000a\000p\000\040\000A\000n\000a\000l\000y\000s\000i\000s\000\040\000a\000n\000d\000\040\000C\000o\000u\000r\000s\000e\000\040\000R\000e\000c\000o\000m\000m\000e\000n\000d\000a\000t\000i\000o\000n\000s}{subsection.7.4}% 81
\BOOKMARK [3][-]{subsubsection.7.4.6}{\376\377\000M\000y\000\040\000J\000o\000b\000s\000\040\000T\000a\000b\000l\000e\000\040\000V\000i\000e\000w}{subsection.7.4}% 82
\BOOKMARK [3][-]{subsubsection.7.4.7}{\376\377\000D\000a\000s\000h\000b\000o\000a\000r\000d\000\040\000O\000v\000e\000r\000v\000i\000e\000w}{subsection.7.4}% 83
\BOOKMARK [1][-]{section.8}{\376\377\000T\000e\000s\000t\000i\000n\000g}{}% 84
\BOOKMARK [2][-]{subsection.8.1}{\376\377\000T\000e\000s\000t\000i\000n\000g\000\040\000S\000t\000r\000a\000t\000e\000g\000y}{section.8}% 85
\BOOKMARK [2][-]{subsection.8.2}{\376\377\000U\000n\000i\000t\000\040\000T\000e\000s\000t\000s}{section.8}% 86
\BOOKMARK [3][-]{subsubsection.8.2.1}{\376\377\000F\000r\000o\000n\000t\000e\000n\000d\000\040\000C\000o\000m\000p\000o\000n\000e\000n\000t\000\040\000T\000e\000s\000t\000s}{subsection.8.2}% 87
\BOOKMARK [3][-]{subsubsection.8.2.2}{\376\377\000B\000a\000c\000k\000e\000n\000d\000\040\000U\000n\000i\000t\000\040\000T\000e\000s\000t\000s}{subsection.8.2}% 88
\BOOKMARK [2][-]{subsection.8.3}{\376\377\000F\000u\000n\000c\000t\000i\000o\000n\000a\000l\000\040\000T\000e\000s\000t\000s}{section.8}% 89
\BOOKMARK [3][-]{subsubsection.8.3.1}{\376\377\000A\000P\000I\000\040\000E\000n\000d\000p\000o\000i\000n\000t\000\040\000T\000e\000s\000t\000i\000n\000g}{subsection.8.3}% 90
\BOOKMARK [2][-]{subsection.8.4}{\376\377\000T\000e\000s\000t\000\040\000C\000a\000s\000e\000s}{section.8}% 91
\BOOKMARK [3][-]{subsubsection.8.4.1}{\376\377\000C\000r\000i\000t\000i\000c\000a\000l\000\040\000U\000s\000e\000r\000\040\000W\000o\000r\000k\000f\000l\000o\000w\000s}{subsection.8.4}% 92
\BOOKMARK [3][-]{subsubsection.8.4.2}{\376\377\000E\000d\000g\000e\000\040\000C\000a\000s\000e\000s\000\040\000a\000n\000d\000\040\000E\000r\000r\000o\000r\000\040\000H\000a\000n\000d\000l\000i\000n\000g}{subsection.8.4}% 93
\BOOKMARK [2][-]{subsection.8.5}{\376\377\000E\000n\000d\000-\000t\000o\000-\000E\000n\000d\000\040\000T\000e\000s\000t\000i\000n\000g}{section.8}% 94
\BOOKMARK [2][-]{subsection.8.6}{\376\377\000P\000e\000r\000f\000o\000r\000m\000a\000n\000c\000e\000\040\000T\000e\000s\000t\000i\000n\000g}{section.8}% 95
\BOOKMARK [1][-]{section.9}{\376\377\000C\000o\000n\000c\000l\000u\000s\000i\000o\000n}{}% 96
\BOOKMARK [2][-]{subsection.9.1}{\376\377\000P\000r\000o\000j\000e\000c\000t\000\040\000S\000u\000m\000m\000a\000r\000y}{section.9}% 97
\BOOKMARK [3][-]{subsubsection.9.1.1}{\376\377\000K\000e\000y\000\040\000A\000c\000h\000i\000e\000v\000e\000m\000e\000n\000t\000s}{subsection.9.1}% 98
\BOOKMARK [2][-]{subsection.9.2}{\376\377\000L\000e\000a\000r\000n\000i\000n\000g\000\040\000O\000u\000t\000c\000o\000m\000e\000s}{section.9}% 99
\BOOKMARK [3][-]{subsubsection.9.2.1}{\376\377\000T\000e\000c\000h\000n\000i\000c\000a\000l\000\040\000S\000k\000i\000l\000l\000s\000\040\000A\000c\000q\000u\000i\000r\000e\000d}{subsection.9.2}% 100
\BOOKMARK [2][-]{subsection.9.3}{\376\377\000C\000h\000a\000l\000l\000e\000n\000g\000e\000s\000\040\000F\000a\000c\000e\000d\000\040\000a\000n\000d\000\040\000S\000o\000l\000u\000t\000i\000o\000n\000s}{section.9}% 101
\BOOKMARK [2][-]{subsection.9.4}{\376\377\000I\000m\000p\000a\000c\000t\000\040\000a\000n\000d\000\040\000A\000p\000p\000l\000i\000c\000a\000t\000i\000o\000n\000s}{section.9}% 102
\BOOKMARK [3][-]{subsubsection.9.4.1}{\376\377\000F\000o\000r\000\040\000J\000o\000b\000\040\000S\000e\000e\000k\000e\000r\000s}{subsection.9.4}% 103
\BOOKMARK [3][-]{subsubsection.9.4.2}{\376\377\000F\000o\000r\000\040\000E\000d\000u\000c\000a\000t\000i\000o\000n\000a\000l\000\040\000P\000u\000r\000p\000o\000s\000e\000s}{subsection.9.4}% 104
\BOOKMARK [3][-]{subsubsection.9.4.3}{\376\377\000F\000o\000r\000\040\000O\000r\000g\000a\000n\000i\000z\000a\000t\000i\000o\000n\000s}{subsection.9.4}% 105
\BOOKMARK [1][-]{section.10}{\376\377\000F\000u\000t\000u\000r\000e\000\040\000E\000n\000h\000a\000n\000c\000e\000m\000e\000n\000t\000s}{}% 106
\BOOKMARK [2][-]{subsection.10.1}{\376\377\000S\000h\000o\000r\000t\000-\000T\000e\000r\000m\000\040\000E\000n\000h\000a\000n\000c\000e\000m\000e\000n\000t\000s\000\040\000\050\0001\000-\0003\000\040\000m\000o\000n\000t\000h\000s\000\051}{section.10}% 107
\BOOKMARK [2][-]{subsection.10.2}{\376\377\000M\000e\000d\000i\000u\000m\000-\000T\000e\000r\000m\000\040\000E\000n\000h\000a\000n\000c\000e\000m\000e\000n\000t\000s\000\040\000\050\0003\000-\0006\000\040\000m\000o\000n\000t\000h\000s\000\051}{section.10}% 108
\BOOKMARK [2][-]{subsection.10.3}{\376\377\000L\000o\000n\000g\000-\000T\000e\000r\000m\000\040\000E\000n\000h\000a\000n\000c\000e\000m\000e\000n\000t\000s\000\040\000\050\0006\000-\0001\0002\000\040\000m\000o\000n\000t\000h\000s\000\051}{section.10}% 109
\BOOKMARK [2][-]{subsection.10.4}{\376\377\000R\000e\000s\000e\000a\000r\000c\000h\000\040\000D\000i\000r\000e\000c\000t\000i\000o\000n\000s}{section.10}% 110
\BOOKMARK [1][-]{section.11}{\376\377\000I\000n\000t\000e\000g\000r\000a\000t\000i\000o\000n\000\040\000o\000f\000\040\000C\000o\000m\000p\000u\000t\000e\000r\000\040\000S\000c\000i\000e\000n\000c\000e\000\040\000S\000u\000b\000j\000e\000c\000t\000s}{}% 111
\BOOKMARK [2][-]{subsection.11.1}{\376\377\000M\000a\000c\000h\000i\000n\000e\000\040\000L\000e\000a\000r\000n\000i\000n\000g\000\040\000i\000n\000\040\000P\000y\000t\000h\000o\000n}{section.11}% 112
\BOOKMARK [2][-]{subsection.11.2}{\376\377\000O\000p\000e\000r\000a\000t\000i\000n\000g\000\040\000S\000y\000s\000t\000e\000m\000s}{section.11}% 113
\BOOKMARK [2][-]{subsection.11.3}{\376\377\000C\000o\000m\000p\000u\000t\000e\000r\000\040\000N\000e\000t\000w\000o\000r\000k\000s\000\040\000a\000n\000d\000\040\000D\000i\000s\000t\000r\000i\000b\000u\000t\000e\000d\000\040\000S\000y\000s\000t\000e\000m\000s}{section.11}% 114
\BOOKMARK [2][-]{subsection.11.4}{\376\377\000A\000r\000t\000i\000f\000i\000c\000i\000a\000l\000\040\000I\000n\000t\000e\000l\000l\000i\000g\000e\000n\000c\000e}{section.11}% 115
\BOOKMARK [2][-]{subsection.11.5}{\376\377\000F\000i\000l\000e\000\040\000O\000r\000g\000a\000n\000i\000z\000a\000t\000i\000o\000n\000\040\000a\000n\000d\000\040\000D\000a\000t\000a\000b\000a\000s\000e\000\040\000M\000a\000n\000a\000g\000e\000m\000e\000n\000t}{section.11}% 116
\BOOKMARK [2][-]{subsection.11.6}{\376\377\000A\000l\000g\000o\000r\000i\000t\000h\000m\000\040\000E\000n\000g\000i\000n\000e\000e\000r\000i\000n\000g}{section.11}% 117
\BOOKMARK [2][-]{subsection.11.7}{\376\377\000C\000l\000o\000u\000d\000\040\000C\000o\000m\000p\000u\000t\000i\000n\000g}{section.11}% 118
\BOOKMARK [2][-]{subsection.11.8}{\376\377\000S\000o\000f\000t\000w\000a\000r\000e\000\040\000S\000e\000c\000u\000r\000i\000t\000y}{section.11}% 119
\BOOKMARK [2][-]{subsection.11.9}{\376\377\000T\000C\000P\000/\000I\000P\000\040\000N\000e\000t\000w\000o\000r\000k\000\040\000A\000d\000m\000i\000n\000i\000s\000t\000r\000a\000t\000i\000o\000n}{section.11}% 120
\BOOKMARK [2][-]{subsection.11.10}{\376\377\000D\000a\000t\000a\000\040\000M\000i\000n\000i\000n\000g}{section.11}% 121
\BOOKMARK [1][-]{section.12}{\376\377\000R\000e\000f\000e\000r\000e\000n\000c\000e\000s}{}% 122
\BOOKMARK [2][-]{subsection.12.1}{\376\377\000R\000e\000s\000e\000a\000r\000c\000h\000\040\000P\000a\000p\000e\000r\000s\000\040\000a\000n\000d\000\040\000A\000r\000t\000i\000c\000l\000e\000s}{section.12}% 123
\BOOKMARK [2][-]{subsection.12.2}{\376\377\000T\000e\000c\000h\000n\000i\000c\000a\000l\000\040\000D\000o\000c\000u\000m\000e\000n\000t\000a\000t\000i\000o\000n}{section.12}% 124
\BOOKMARK [2][-]{subsection.12.3}{\376\377\000L\000i\000b\000r\000a\000r\000i\000e\000s\000\040\000a\000n\000d\000\040\000F\000r\000a\000m\000e\000w\000o\000r\000k\000s}{section.12}% 125
\BOOKMARK [2][-]{subsection.12.4}{\376\377\000D\000a\000t\000a\000s\000e\000t\000s}{section.12}% 126
\BOOKMARK [2][-]{subsection.12.5}{\376\377\000T\000o\000o\000l\000s\000\040\000a\000n\000d\000\040\000P\000l\000a\000t\000f\000o\000r\000m\000s}{section.12}% 127
\BOOKMARK [2][-]{subsection.12.6}{\376\377\000O\000n\000l\000i\000n\000e\000\040\000R\000e\000s\000o\000u\000r\000c\000e\000s}{section.12}% 128
\BOOKMARK [1][-]{section*.26}{\376\377\000A\000p\000p\000e\000n\000d\000i\000c\000e\000s}{}% 129
